2022_02_22_09_48_57 STM MCU firmware directory = /Users/jaeuklee/workspace/FW-YMODEM/dist/Cell_X4_V4.6.binary
2022_02_22_09_48_57 ======== Start cell 1 update ! ========
2022_02_22_09_48_57          Waiting for update ....             
2022_02_22_09_49_25            Downloading....        
2022_02_22_09_49_35  ======== Cell 1 FW update DONE!  ======== 

2022_02_22_09_49_35 ======== Start cell 2 update ! ========
2022_02_22_09_49_35          Waiting for update ....             
2022_02_22_09_50_02            Downloading....        
2022_02_22_09_50_12  ======== Cell 2 FW update DONE!  ======== 

2022_02_22_09_50_12 ======== Start cell 3 update ! ========
2022_02_22_09_50_12          Waiting for update ....             
2022_02_22_09_50_39            Downloading....        
2022_02_22_09_50_49  ======== Cell 3 FW update DONE!  ======== 

2022_02_22_09_50_49 ======== Start cell 4 update ! ========
2022_02_22_09_50_49          Waiting for update ....             
2022_02_22_09_51_17            Downloading....        
2022_02_22_09_51_27  ======== Cell 4 FW update DONE!  ======== 

2022_02_22_09_51_27 ======== Start cell 5 update ! ========
2022_02_22_09_51_27          Waiting for update ....             
2022_02_22_09_51_41 Fail Cell number = 5
2022_02_22_09_51_46 ======== Start cell 6 update ! ========
2022_02_22_09_51_46          Waiting for update ....             
2022_02_22_09_52_00 Fail Cell number = 6
2022_02_22_09_52_05 ======== Start cell 7 update ! ========
2022_02_22_09_52_05          Waiting for update ....             
2022_02_22_09_52_33            Downloading....        
2022_02_22_09_52_43  ======== Cell 7 FW update DONE!  ======== 

2022_02_22_09_52_43 ======== Start cell 8 update ! ========
2022_02_22_09_52_43          Waiting for update ....             
2022_02_22_09_53_10            Downloading....        
2022_02_22_09_53_20  ======== Cell 8 FW update DONE!  ======== 

2022_02_22_09_53_20 ======== Start cell 9 update ! ========
2022_02_22_09_53_20          Waiting for update ....             
2022_02_22_09_53_48            Downloading....        
2022_02_22_09_53_57  ======== Cell 9 FW update DONE!  ======== 

2022_02_22_09_53_57 ======== Start cell 10 update ! ========
2022_02_22_09_53_57          Waiting for update ....             
2022_02_22_09_54_25            Downloading....        
2022_02_22_09_54_35  ======== Cell 10 FW update DONE!  ======== 

2022_02_22_09_54_35 ======== Start cell 11 update ! ========
2022_02_22_09_54_35          Waiting for update ....             
2022_02_22_09_54_49 Fail Cell number = 11
2022_02_22_09_54_54 ======== Start cell 12 update ! ========
2022_02_22_09_54_54          Waiting for update ....             
2022_02_22_09_55_08 Fail Cell number = 12
2022_02_22_09_55_13 ======== Start cell 13 update ! ========
2022_02_22_09_55_13          Waiting for update ....             
2022_02_22_09_55_28 Fail Cell number = 13
2022_02_22_09_55_33 ======== Start cell 14 update ! ========
2022_02_22_09_55_33          Waiting for update ....             
2022_02_22_09_55_47 Fail Cell number = 14
2022_02_22_09_55_52 ======== Start cell 15 update ! ========
2022_02_22_09_55_52          Waiting for update ....             
2022_02_22_09_56_06 Fail Cell number = 15
2022_02_22_09_56_11 ======== Start cell 16 update ! ========
2022_02_22_09_56_11          Waiting for update ....             
2022_02_22_09_56_26 Fail Cell number = 16
2022_02_22_09_56_31 ======== Start cell 17 update ! ========
2022_02_22_09_56_31          Waiting for update ....             
2022_02_22_09_56_45 Fail Cell number = 17
2022_02_22_09_56_50 ======== Start cell 18 update ! ========
2022_02_22_09_56_50          Waiting for update ....             
2022_02_22_09_57_04 Fail Cell number = 18
2022_02_22_09_57_09 ======== Start cell 19 update ! ========
2022_02_22_09_57_09          Waiting for update ....             
2022_02_22_09_57_24 Fail Cell number = 19
2022_02_22_09_57_29 ======== Start cell 20 update ! ========
2022_02_22_09_57_29          Waiting for update ....             
2022_02_22_09_57_43 Fail Cell number = 20
2022_02_22_09_57_48 ======== Start cell 21 update ! ========
2022_02_22_09_57_48          Waiting for update ....             
2022_02_22_09_58_03 Fail Cell number = 21
2022_02_22_09_58_08 ======== Start cell 22 update ! ========
2022_02_22_09_58_08          Waiting for update ....             
2022_02_22_09_58_22 Fail Cell number = 22
2022_02_22_09_58_27 ======== Start cell 23 update ! ========
2022_02_22_09_58_27          Waiting for update ....             
2022_02_22_09_58_41 Fail Cell number = 23
2022_02_22_09_58_46 ======== Start cell 24 update ! ========
2022_02_22_09_58_46          Waiting for update ....             
2022_02_22_09_59_01 Fail Cell number = 24
2022_02_22_09_59_06 ======== Start cell 25 update ! ========
2022_02_22_09_59_06          Waiting for update ....             
2022_02_22_09_59_20 Fail Cell number = 25
2022_02_22_09_59_25 ======== Start cell 26 update ! ========
2022_02_22_09_59_25          Waiting for update ....             
2022_02_22_09_59_39 Fail Cell number = 26
2022_02_22_09_59_44 ======== Start cell 27 update ! ========
2022_02_22_09_59_44          Waiting for update ....             
2022_02_22_09_59_59 Fail Cell number = 27
2022_02_22_10_00_04 ======== Start cell 28 update ! ========
2022_02_22_10_00_04          Waiting for update ....             
2022_02_22_10_00_18 Fail Cell number = 28
2022_02_22_10_00_23 ======== Start cell 29 update ! ========
2022_02_22_10_00_23          Waiting for update ....             
2022_02_22_10_00_37 Fail Cell number = 29
2022_02_22_10_00_42 ======== Start cell 30 update ! ========
2022_02_22_10_00_42          Waiting for update ....             
2022_02_22_10_00_57 Fail Cell number = 30
2022_02_22_10_01_02 ======== Start cell 31 update ! ========
2022_02_22_10_01_02          Waiting for update ....             
2022_02_22_10_01_16 Fail Cell number = 31
2022_02_22_10_01_21 ======== Start cell 32 update ! ========
2022_02_22_10_01_21          Waiting for update ....             
2022_02_22_10_01_36 Fail Cell number = 32
2022_02_22_10_01_41 ======== Start cell 33 update ! ========
2022_02_22_10_01_41          Waiting for update ....             
2022_02_22_10_01_55 Fail Cell number = 33
2022_02_22_10_02_00 ======== Start cell 34 update ! ========
2022_02_22_10_02_00          Waiting for update ....             
2022_02_22_10_02_14 Fail Cell number = 34
2022_02_22_10_02_19 ======== Start cell 35 update ! ========
2022_02_22_10_02_19          Waiting for update ....             
2022_02_22_10_02_34 Fail Cell number = 35
2022_02_22_10_02_39 ======== Start cell 36 update ! ========
2022_02_22_10_02_39          Waiting for update ....             
2022_02_22_10_02_53 Fail Cell number = 36
2022_02_22_10_02_58 All process done !
2022_02_22_10_02_58 Total = 36 / success = 8 / fail = 28
