2022_02_21_18_14_49 STM MCU firmware directory = /Users/jaeuklee/workspace/FW-YMODEM/dist/Cell_X4_V4.6.binary
2022_02_21_18_14_49 ======== Start cell 1 update ! ========
2022_02_21_18_14_49          Waiting for update ....             
2022_02_21_18_15_17            Downloading....        
2022_02_21_18_15_26  ======== Cell 1 FW update DONE!  ======== 

2022_02_21_18_15_26 ======== Start cell 2 update ! ========
2022_02_21_18_15_26          Waiting for update ....             
2022_02_21_18_15_54            Downloading....        
2022_02_21_18_16_04  ======== Cell 2 FW update DONE!  ======== 

2022_02_21_18_16_04 ======== Start cell 3 update ! ========
2022_02_21_18_16_04          Waiting for update ....             
2022_02_21_18_16_31            Downloading....        
2022_02_21_18_16_41  ======== Cell 3 FW update DONE!  ======== 

2022_02_21_18_16_41 ======== Start cell 4 update ! ========
2022_02_21_18_16_41          Waiting for update ....             
2022_02_21_18_17_09            Downloading....        
2022_02_21_18_17_18  ======== Cell 4 FW update DONE!  ======== 

2022_02_21_18_17_18 ======== Start cell 5 update ! ========
2022_02_21_18_17_18          Waiting for update ....             
2022_02_21_18_17_33 Fail Cell number = 5
2022_02_21_18_17_38 ======== Start cell 6 update ! ========
2022_02_21_18_17_38          Waiting for update ....             
2022_02_21_18_17_52 Fail Cell number = 6
2022_02_21_18_17_57 ======== Start cell 7 update ! ========
2022_02_21_18_17_57          Waiting for update ....             
2022_02_21_18_18_25            Downloading....        
2022_02_21_18_18_34  ======== Cell 7 FW update DONE!  ======== 

2022_02_21_18_18_34 ======== Start cell 8 update ! ========
2022_02_21_18_18_34          Waiting for update ....             
2022_02_21_18_19_02            Downloading....        
2022_02_21_18_19_11  ======== Cell 8 FW update DONE!  ======== 

2022_02_21_18_19_11 ======== Start cell 9 update ! ========
2022_02_21_18_19_11          Waiting for update ....             
2022_02_21_18_19_39            Downloading....        
2022_02_21_18_19_49  ======== Cell 9 FW update DONE!  ======== 

2022_02_21_18_19_49 ======== Start cell 10 update ! ========
2022_02_21_18_19_49          Waiting for update ....             
2022_02_21_18_20_16            Downloading....        
2022_02_21_18_20_26  ======== Cell 10 FW update DONE!  ======== 

2022_02_21_18_20_26 ======== Start cell 11 update ! ========
2022_02_21_18_20_26          Waiting for update ....             
2022_02_21_18_20_40 Fail Cell number = 11
2022_02_21_18_20_45 ======== Start cell 12 update ! ========
2022_02_21_18_20_45          Waiting for update ....             
2022_02_21_18_21_00 Fail Cell number = 12
2022_02_21_18_21_05 ======== Start cell 13 update ! ========
2022_02_21_18_21_05          Waiting for update ....             
2022_02_21_18_21_19 Fail Cell number = 13
2022_02_21_18_21_24 ======== Start cell 14 update ! ========
2022_02_21_18_21_24          Waiting for update ....             
2022_02_21_18_21_38 Fail Cell number = 14
2022_02_21_18_21_43 ======== Start cell 15 update ! ========
2022_02_21_18_21_43          Waiting for update ....             
2022_02_21_18_21_58 Fail Cell number = 15
2022_02_21_18_22_03 ======== Start cell 16 update ! ========
2022_02_21_18_22_03          Waiting for update ....             
2022_02_21_18_22_17 Fail Cell number = 16
2022_02_21_18_22_22 ======== Start cell 17 update ! ========
2022_02_21_18_22_22          Waiting for update ....             
2022_02_21_18_22_36 Fail Cell number = 17
2022_02_21_18_22_41 ======== Start cell 18 update ! ========
2022_02_21_18_22_41          Waiting for update ....             
2022_02_21_18_22_56 Fail Cell number = 18
2022_02_21_18_23_01 ======== Start cell 19 update ! ========
2022_02_21_18_23_01          Waiting for update ....             
2022_02_21_18_23_15 Fail Cell number = 19
2022_02_21_18_23_20 ======== Start cell 20 update ! ========
2022_02_21_18_23_20          Waiting for update ....             
2022_02_21_18_23_34 Fail Cell number = 20
2022_02_21_18_23_39 ======== Start cell 21 update ! ========
2022_02_21_18_23_39          Waiting for update ....             
2022_02_21_18_23_54 Fail Cell number = 21
2022_02_21_18_23_59 ======== Start cell 22 update ! ========
2022_02_21_18_23_59          Waiting for update ....             
2022_02_21_18_24_13 Fail Cell number = 22
2022_02_21_18_24_18 ======== Start cell 23 update ! ========
2022_02_21_18_24_18          Waiting for update ....             
2022_02_21_18_24_23 Fail Cell number = 23
2022_02_21_18_24_28 ======== Start cell 24 update ! ========
2022_02_21_18_24_28          Waiting for update ....             
2022_02_21_18_24_28 Dock usb not connected ! 
